android/app/build/intermediates/manifest_merge_blame_file/debug/manifest-merger-blame-debug-report.txt
1<?xml version="1.0" encoding="utf-8"?>
2<manifest xmlns:android="http://schemas.android.com/apk/res/android"
3    package="com.the007.the007percentapp"
4    android:versionCode="37"
5    android:versionName="2.0.3" >
6
7    <uses-sdk
8        android:minSdkVersion="21"
9        android:targetSdkVersion="34" />
10
11    <uses-permission android:name="android.permission.SYSTEM_ALERT_WINDOW" />
11-->src/debug/AndroidManifest.xml:5:5-77
11-->src/debug/AndroidManifest.xml:5:22-75
12    <uses-permission android:name="android.permission.INTERNET" />
12-->src/main/AndroidManifest.xml:4:5-67
12-->src/main/AndroidManifest.xml:4:22-64
13    <uses-permission android:name="android.permission.CAMERA" />
13-->src/main/AndroidManifest.xml:5:5-65
13-->src/main/AndroidManifest.xml:5:22-62
14    <uses-permission android:name="android.permission.READ_MEDIA_AUDIO" />
14-->src/main/AndroidManifest.xml:6:5-75
14-->src/main/AndroidManifest.xml:6:22-72
15    <uses-permission android:name="android.permission.READ_MEDIA_IMAGES" />
15-->src/main/AndroidManifest.xml:7:5-76
15-->src/main/AndroidManifest.xml:7:22-73
16    <uses-permission android:name="android.permission.READ_MEDIA_VIDEO" />
16-->src/main/AndroidManifest.xml:8:5-75
16-->src/main/AndroidManifest.xml:8:22-72
17    <uses-permission android:name="android.permission.WRITE_EXTERNAL_STORAGE" />
17-->src/main/AndroidManifest.xml:9:5-80
17-->src/main/AndroidManifest.xml:9:22-78
18    <uses-permission android:name="android.permission.READ_EXTERNAL_STORAGE" />
18-->src/main/AndroidManifest.xml:10:5-80
18-->src/main/AndroidManifest.xml:10:22-77
19    <uses-permission android:name="android.permission.ACCESS_NETWORK_STATE" />
19-->src/main/AndroidManifest.xml:11:5-79
19-->src/main/AndroidManifest.xml:11:22-76
20    <uses-permission android:name="android.permission.READ_CONTACTS" />
20-->src/main/AndroidManifest.xml:12:5-72
20-->src/main/AndroidManifest.xml:12:22-69
21    <uses-permission android:name="android.permission.VIBRATE" />
21-->src/main/AndroidManifest.xml:13:5-66
21-->src/main/AndroidManifest.xml:13:22-63
22    <uses-permission android:name="android.permission.RECEIVE_BOOT_COMPLETED" />
22-->src/main/AndroidManifest.xml:14:5-80
22-->src/main/AndroidManifest.xml:14:22-78
23    <uses-permission android:name="android.permission.POST_NOTIFICATIONS" />
23-->src/main/AndroidManifest.xml:15:5-76
23-->src/main/AndroidManifest.xml:15:22-74
24
25    <queries>
25-->src/main/AndroidManifest.xml:70:5-76:15
26        <intent>
26-->src/main/AndroidManifest.xml:71:9-75:18
27            <action android:name="android.intent.action.VIEW" />
27-->src/main/AndroidManifest.xml:72:13-65
27-->src/main/AndroidManifest.xml:72:21-62
28
29            <category android:name="android.intent.category.DEFAULT" />
29-->src/main/AndroidManifest.xml:73:13-72
29-->src/main/AndroidManifest.xml:73:23-69
30
31            <data android:mimeType="vnd.android.cursor.dir/contact" />
31-->src/main/AndroidManifest.xml:74:13-71
31-->src/main/AndroidManifest.xml:74:19-68
32        </intent>
33        <intent>
33-->[com.github.CanHub:Android-Image-Cropper:4.1.0] AndroidManifest.xml:10:9-16:18
34            <action android:name="android.intent.action.GET_CONTENT" />
34-->[com.github.CanHub:Android-Image-Cropper:4.1.0] AndroidManifest.xml:11:13-72
34-->[com.github.CanHub:Android-Image-Cropper:4.1.0] AndroidManifest.xml:11:21-69
35
36            <category android:name="android.intent.category.OPENABLE" />
36-->[com.github.CanHub:Android-Image-Cropper:4.1.0] AndroidManifest.xml:13:13-73
36-->[com.github.CanHub:Android-Image-Cropper:4.1.0] AndroidManifest.xml:13:23-70
37
38            <data android:mimeType="*/*" />
38-->src/main/AndroidManifest.xml:74:13-71
38-->src/main/AndroidManifest.xml:74:19-68
39        </intent>
40        <intent>
40-->[com.github.CanHub:Android-Image-Cropper:4.1.0] AndroidManifest.xml:17:9-19:18
41            <action android:name="android.media.action.IMAGE_CAPTURE" />
41-->[com.github.CanHub:Android-Image-Cropper:4.1.0] AndroidManifest.xml:18:13-73
41-->[com.github.CanHub:Android-Image-Cropper:4.1.0] AndroidManifest.xml:18:21-70
42        </intent> <!-- Needs to be explicitly declared on Android R+ -->
43        <package android:name="com.google.android.apps.maps" />
43-->[com.google.android.gms:play-services-maps:18.0.0] AndroidManifest.xml:33:9-64
43-->[com.google.android.gms:play-services-maps:18.0.0] AndroidManifest.xml:33:18-61
44    </queries>
45
46    <uses-permission android:name="android.permission.ACCESS_WIFI_STATE" />
46-->[com.facebook.flipper:flipper:0.182.0] AndroidManifest.xml:16:5-76
46-->[com.facebook.flipper:flipper:0.182.0] AndroidManifest.xml:16:22-73
47    <uses-permission android:name="android.permission.WAKE_LOCK" />
47-->[:@react-native-firebase_messaging] AndroidManifest.xml:8:5-68
47-->[:@react-native-firebase_messaging] AndroidManifest.xml:8:22-65
48    <uses-permission android:name="android.permission.ACCESS_COARSE_LOCATION" />
48-->[:react-native-maps] AndroidManifest.xml:8:5-81
48-->[:react-native-maps] AndroidManifest.xml:8:22-78
49    <uses-permission android:name="com.android.vending.BILLING" />
49-->[com.android.billingclient:billing-ktx:5.0.0] AndroidManifest.xml:9:5-67
49-->[com.android.billingclient:billing-ktx:5.0.0] AndroidManifest.xml:9:22-64
50    <uses-permission android:name="android.permission.FOREGROUND_SERVICE" />
50-->[androidx.work:work-runtime:2.8.0] AndroidManifest.xml:26:5-77
50-->[androidx.work:work-runtime:2.8.0] AndroidManifest.xml:26:22-74
51
52    <uses-feature
52-->[com.google.android.gms:play-services-maps:18.0.0] AndroidManifest.xml:26:5-28:35
53        android:glEsVersion="0x00020000"
53-->[com.google.android.gms:play-services-maps:18.0.0] AndroidManifest.xml:27:9-41
54        android:required="true" /> <!-- Required by older versions of Google Play services to create IID tokens -->
54-->[com.google.android.gms:play-services-maps:18.0.0] AndroidManifest.xml:28:9-32
55    <uses-permission android:name="com.google.android.c2dm.permission.RECEIVE" />
55-->[com.google.firebase:firebase-messaging:22.0.0] AndroidManifest.xml:25:5-82
55-->[com.google.firebase:firebase-messaging:22.0.0] AndroidManifest.xml:25:22-79
56    <uses-permission android:name="com.google.android.finsky.permission.BIND_GET_INSTALL_REFERRER_SERVICE" />
56-->[com.google.android.gms:play-services-measurement:19.0.2] AndroidManifest.xml:26:5-110
56-->[com.google.android.gms:play-services-measurement:19.0.2] AndroidManifest.xml:26:22-107
57    <uses-permission android:name="android.permission.USE_FULL_SCREEN_INTENT" />
57-->[app.notifee:core:202108261754] AndroidManifest.xml:16:5-81
57-->[app.notifee:core:202108261754] AndroidManifest.xml:16:22-78
58    <uses-permission android:name="android.permission.SCHEDULE_EXACT_ALARM" />
58-->[app.notifee:core:202108261754] AndroidManifest.xml:17:5-79
58-->[app.notifee:core:202108261754] AndroidManifest.xml:17:22-76
59    <uses-permission
59-->[app.notifee:core:202108261754] AndroidManifest.xml:18:5-20:38
60        android:name="android.permission.BROADCAST_CLOSE_SYSTEM_DIALOGS"
60-->[app.notifee:core:202108261754] AndroidManifest.xml:19:9-73
61        android:maxSdkVersion="30" /> <!-- For Xiaomi devices to enable heads-up notifications as default (https://github.com/invertase/notifee/issues/296) -->
61-->[app.notifee:core:202108261754] AndroidManifest.xml:20:9-35
62    <uses-permission
62-->[app.notifee:core:202108261754] AndroidManifest.xml:22:5-24:38
63        android:name="android.permission.ACCESS_NOTIFICATION_POLICY"
63-->[app.notifee:core:202108261754] AndroidManifest.xml:23:9-69
64        android:minSdkVersion="23" /> <!-- for android -->
64-->[app.notifee:core:202108261754] AndroidManifest.xml:24:9-35
65    <!-- <uses-permission android:name="com.android.launcher.permission.READ_SETTINGS"/> -->
66    <!-- <uses-permission android:name="com.android.launcher.permission.WRITE_SETTINGS"/> -->
67    <!-- <uses-permission android:name="com.android.launcher.permission.INSTALL_SHORTCUT" /> -->
68    <!-- <uses-permission android:name="com.android.launcher.permission.UNINSTALL_SHORTCUT" /> -->
69    <!-- for Samsung -->
70    <uses-permission android:name="com.sec.android.provider.badge.permission.READ" />
70-->[me.leolin:ShortcutBadger:1.1.22] AndroidManifest.xml:19:5-86
70-->[me.leolin:ShortcutBadger:1.1.22] AndroidManifest.xml:19:22-83
71    <uses-permission android:name="com.sec.android.provider.badge.permission.WRITE" /> <!-- for htc -->
71-->[me.leolin:ShortcutBadger:1.1.22] AndroidManifest.xml:20:5-87
71-->[me.leolin:ShortcutBadger:1.1.22] AndroidManifest.xml:20:22-84
72    <uses-permission android:name="com.htc.launcher.permission.READ_SETTINGS" />
72-->[me.leolin:ShortcutBadger:1.1.22] AndroidManifest.xml:23:5-81
72-->[me.leolin:ShortcutBadger:1.1.22] AndroidManifest.xml:23:22-78
73    <uses-permission android:name="com.htc.launcher.permission.UPDATE_SHORTCUT" /> <!-- for sony -->
73-->[me.leolin:ShortcutBadger:1.1.22] AndroidManifest.xml:24:5-83
73-->[me.leolin:ShortcutBadger:1.1.22] AndroidManifest.xml:24:22-80
74    <uses-permission android:name="com.sonyericsson.home.permission.BROADCAST_BADGE" />
74-->[me.leolin:ShortcutBadger:1.1.22] AndroidManifest.xml:27:5-88
74-->[me.leolin:ShortcutBadger:1.1.22] AndroidManifest.xml:27:22-85
75    <uses-permission android:name="com.sonymobile.home.permission.PROVIDER_INSERT_BADGE" /> <!-- for apex -->
75-->[me.leolin:ShortcutBadger:1.1.22] AndroidManifest.xml:28:5-92
75-->[me.leolin:ShortcutBadger:1.1.22] AndroidManifest.xml:28:22-89
76    <uses-permission android:name="com.anddoes.launcher.permission.UPDATE_COUNT" /> <!-- for solid -->
76-->[me.leolin:ShortcutBadger:1.1.22] AndroidManifest.xml:31:5-84
76-->[me.leolin:ShortcutBadger:1.1.22] AndroidManifest.xml:31:22-81
77    <uses-permission android:name="com.majeur.launcher.permission.UPDATE_BADGE" /> <!-- for huawei -->
77-->[me.leolin:ShortcutBadger:1.1.22] AndroidManifest.xml:34:5-83
77-->[me.leolin:ShortcutBadger:1.1.22] AndroidManifest.xml:34:22-80
78    <uses-permission android:name="com.huawei.android.launcher.permission.CHANGE_BADGE" />
78-->[me.leolin:ShortcutBadger:1.1.22] AndroidManifest.xml:37:5-91
78-->[me.leolin:ShortcutBadger:1.1.22] AndroidManifest.xml:37:22-88
79    <uses-permission android:name="com.huawei.android.launcher.permission.READ_SETTINGS" />
79-->[me.leolin:ShortcutBadger:1.1.22] AndroidManifest.xml:38:5-92
79-->[me.leolin:ShortcutBadger:1.1.22] AndroidManifest.xml:38:22-89
80    <uses-permission android:name="com.huawei.android.launcher.permission.WRITE_SETTINGS" /> <!-- for ZUK -->
80-->[me.leolin:ShortcutBadger:1.1.22] AndroidManifest.xml:39:5-93
80-->[me.leolin:ShortcutBadger:1.1.22] AndroidManifest.xml:39:22-90
81    <uses-permission android:name="android.permission.READ_APP_BADGE" /> <!-- for OPPO -->
81-->[me.leolin:ShortcutBadger:1.1.22] AndroidManifest.xml:42:5-73
81-->[me.leolin:ShortcutBadger:1.1.22] AndroidManifest.xml:42:22-70
82    <uses-permission android:name="com.oppo.launcher.permission.READ_SETTINGS" />
82-->[me.leolin:ShortcutBadger:1.1.22] AndroidManifest.xml:45:5-82
82-->[me.leolin:ShortcutBadger:1.1.22] AndroidManifest.xml:45:22-79
83    <uses-permission android:name="com.oppo.launcher.permission.WRITE_SETTINGS" /> <!-- for EvMe -->
83-->[me.leolin:ShortcutBadger:1.1.22] AndroidManifest.xml:46:5-83
83-->[me.leolin:ShortcutBadger:1.1.22] AndroidManifest.xml:46:22-80
84    <uses-permission android:name="me.everything.badger.permission.BADGE_COUNT_READ" />
84-->[me.leolin:ShortcutBadger:1.1.22] AndroidManifest.xml:49:5-88
84-->[me.leolin:ShortcutBadger:1.1.22] AndroidManifest.xml:49:22-85
85    <uses-permission android:name="me.everything.badger.permission.BADGE_COUNT_WRITE" />
85-->[me.leolin:ShortcutBadger:1.1.22] AndroidManifest.xml:50:5-89
85-->[me.leolin:ShortcutBadger:1.1.22] AndroidManifest.xml:50:22-86
86
87    <application
87-->src/main/AndroidManifest.xml:17:5-68:19
88        android:name="com.the007.the007percentapp.MainApplication"
88-->src/main/AndroidManifest.xml:18:7-38
89        android:allowBackup="true"
89-->[me.relex:photodraweeview:1.0.0] AndroidManifest.xml:10:9-35
90        android:appComponentFactory="androidx.core.app.CoreComponentFactory"
90-->[androidx.core:core:1.7.0] AndroidManifest.xml:24:18-86
91        android:debuggable="true"
92        android:icon="@mipmap/ic_launcher"
92-->src/main/AndroidManifest.xml:20:7-41
93        android:label="@string/app_name"
93-->src/main/AndroidManifest.xml:19:7-39
94        android:requestLegacyExternalStorage="true"
94-->src/main/AndroidManifest.xml:22:9-52
95        android:roundIcon="@mipmap/ic_launcher"
95-->src/main/AndroidManifest.xml:21:7-46
96        android:theme="@style/AppTheme"
96-->src/main/AndroidManifest.xml:25:7-38
97        android:usesCleartextTraffic="true" >
97-->src/main/AndroidManifest.xml:23:9-44
98        <activity
98-->src/debug/AndroidManifest.xml:8:9-111
99            android:name="com.facebook.react.devsupport.DevSettingsActivity"
99-->src/debug/AndroidManifest.xml:8:19-83
100            android:exported="false" />
100-->src/debug/AndroidManifest.xml:8:84-108
101        <activity
101-->src/main/AndroidManifest.xml:26:7-39:18
102            android:name="com.the007.the007percentapp.MainActivity"
102-->src/main/AndroidManifest.xml:27:9-37
103            android:configChanges="keyboard|keyboardHidden|orientation|screenLayout|screenSize|smallestScreenSize|uiMode"
103-->src/main/AndroidManifest.xml:29:9-118
104            android:exported="true"
104-->src/main/AndroidManifest.xml:33:9-32
105            android:label="@string/app_name"
105-->src/main/AndroidManifest.xml:28:9-41
106            android:launchMode="singleTask"
106-->src/main/AndroidManifest.xml:30:9-40
107            android:screenOrientation="portrait"
107-->src/main/AndroidManifest.xml:34:9-45
108            android:usesCleartextTraffic="true"
108-->src/main/AndroidManifest.xml:32:9-44
109            android:windowSoftInputMode="adjustPan|adjustResize" >
109-->src/main/AndroidManifest.xml:31:9-61
110            <intent-filter>
110-->src/main/AndroidManifest.xml:35:9-38:25
111                <action android:name="android.intent.action.MAIN" />
111-->src/main/AndroidManifest.xml:36:13-65
111-->src/main/AndroidManifest.xml:36:21-62
112
113                <category android:name="android.intent.category.LAUNCHER" />
113-->src/main/AndroidManifest.xml:37:13-73
113-->src/main/AndroidManifest.xml:37:23-70
114            </intent-filter>
115        </activity>
116
117        <meta-data
117-->src/main/AndroidManifest.xml:40:7-131
118            android:name="com.google.firebase.messaging.default_notification_icon"
118-->src/main/AndroidManifest.xml:40:18-88
119            android:resource="@drawable/notif_icon" />
119-->src/main/AndroidManifest.xml:40:89-128
120        <meta-data
120-->src/main/AndroidManifest.xml:41:9-43:70
121            android:name="com.google.android.geo.API_KEY"
121-->src/main/AndroidManifest.xml:42:13-58
122            android:value="AIzaSyCAgeMU4Pm6HG2pujS3IxBfnYkNEyLsSmc" />
122-->src/main/AndroidManifest.xml:43:13-68
123        <meta-data
123-->src/main/AndroidManifest.xml:45:9-46:36
124            android:name="com.dieam.reactnativepushnotification.notification_foreground"
124-->src/main/AndroidManifest.xml:45:21-97
125            android:value="false" /> <!-- Change the resource name to your App's accent color - or any other color you want -->
125-->src/main/AndroidManifest.xml:46:13-34
126        <meta-data
126-->src/main/AndroidManifest.xml:48:9-49:46
127            android:name="com.dieam.reactnativepushnotification.notification_color"
127-->src/main/AndroidManifest.xml:48:21-92
128            android:resource="@color/white" /> <!-- or @android:color/{name} to use a standard color -->
128-->src/main/AndroidManifest.xml:49:13-44
129        <receiver android:name="com.dieam.reactnativepushnotification.modules.RNPushNotificationActions" />
129-->src/main/AndroidManifest.xml:51:9-108
129-->src/main/AndroidManifest.xml:51:19-105
130        <receiver android:name="com.dieam.reactnativepushnotification.modules.RNPushNotificationPublisher" />
130-->src/main/AndroidManifest.xml:52:9-110
130-->src/main/AndroidManifest.xml:52:19-107
131        <receiver
131-->src/main/AndroidManifest.xml:53:9-59:20
132            android:name="com.dieam.reactnativepushnotification.modules.RNPushNotificationBootEventReceiver"
132-->src/main/AndroidManifest.xml:53:19-115
133            android:exported="false" >
133-->src/main/AndroidManifest.xml:53:116-140
134            <intent-filter>
134-->src/main/AndroidManifest.xml:54:13-58:29
135                <action android:name="android.intent.action.BOOT_COMPLETED" />
135-->src/main/AndroidManifest.xml:55:17-79
135-->src/main/AndroidManifest.xml:55:25-76
136                <action android:name="android.intent.action.QUICKBOOT_POWERON" />
136-->src/main/AndroidManifest.xml:56:17-82
136-->src/main/AndroidManifest.xml:56:25-79
137                <action android:name="com.htc.intent.action.QUICKBOOT_POWERON" />
137-->src/main/AndroidManifest.xml:57:17-81
137-->src/main/AndroidManifest.xml:57:25-79
138            </intent-filter>
139        </receiver>
140
141        <service
141-->src/main/AndroidManifest.xml:61:9-67:19
142            android:name="com.dieam.reactnativepushnotification.modules.RNPushNotificationListenerService"
142-->src/main/AndroidManifest.xml:62:13-107
143            android:exported="false" >
143-->src/main/AndroidManifest.xml:63:13-37
144            <intent-filter>
144-->src/main/AndroidManifest.xml:64:13-66:29
145                <action android:name="com.google.firebase.MESSAGING_EVENT" />
145-->src/main/AndroidManifest.xml:65:17-78
145-->src/main/AndroidManifest.xml:65:25-75
146            </intent-filter>
147        </service>
148        <service android:name="io.invertase.firebase.messaging.ReactNativeFirebaseMessagingHeadlessService" />
148-->[:@react-native-firebase_messaging] AndroidManifest.xml:12:9-111
148-->[:@react-native-firebase_messaging] AndroidManifest.xml:12:18-108
149        <service
149-->[:@react-native-firebase_messaging] AndroidManifest.xml:13:9-19:19
150            android:name="io.invertase.firebase.messaging.ReactNativeFirebaseMessagingService"
150-->[:@react-native-firebase_messaging] AndroidManifest.xml:14:13-95
151            android:exported="false" >
151-->[:@react-native-firebase_messaging] AndroidManifest.xml:15:13-37
152            <intent-filter>
152-->src/main/AndroidManifest.xml:64:13-66:29
153                <action android:name="com.google.firebase.MESSAGING_EVENT" />
153-->src/main/AndroidManifest.xml:65:17-78
153-->src/main/AndroidManifest.xml:65:25-75
154            </intent-filter>
155        </service>
156
157        <receiver
157-->[:@react-native-firebase_messaging] AndroidManifest.xml:21:9-28:20
158            android:name="io.invertase.firebase.messaging.ReactNativeFirebaseMessagingReceiver"
158-->[:@react-native-firebase_messaging] AndroidManifest.xml:22:13-96
159            android:exported="true"
159-->[:@react-native-firebase_messaging] AndroidManifest.xml:23:13-36
160            android:permission="com.google.android.c2dm.permission.SEND" >
160-->[:@react-native-firebase_messaging] AndroidManifest.xml:24:13-73
161            <intent-filter>
161-->[:@react-native-firebase_messaging] AndroidManifest.xml:25:13-27:29
162                <action android:name="com.google.android.c2dm.intent.RECEIVE" />
162-->[:@react-native-firebase_messaging] AndroidManifest.xml:26:17-81
162-->[:@react-native-firebase_messaging] AndroidManifest.xml:26:25-78
163            </intent-filter>
164        </receiver>
165
166        <meta-data
166-->[:@react-native-firebase_messaging] AndroidManifest.xml:30:9-32:36
167            android:name="firebase_messaging_auto_init_enabled"
167-->[:@react-native-firebase_messaging] AndroidManifest.xml:31:13-64
168            android:value="true" />
168-->[:@react-native-firebase_messaging] AndroidManifest.xml:32:13-33
169        <meta-data
169-->[:@react-native-firebase_messaging] AndroidManifest.xml:33:9-35:32
170            android:name="com.google.firebase.messaging.default_notification_channel_id"
170-->[:@react-native-firebase_messaging] AndroidManifest.xml:34:13-89
171            android:value="" />
171-->[:@react-native-firebase_messaging] AndroidManifest.xml:35:13-29
172        <meta-data
172-->[:@react-native-firebase_messaging] AndroidManifest.xml:36:9-38:47
173            android:name="com.google.firebase.messaging.default_notification_color"
173-->[:@react-native-firebase_messaging] AndroidManifest.xml:37:13-84
174            android:resource="@color/white" />
174-->[:@react-native-firebase_messaging] AndroidManifest.xml:38:13-44
175
176        <provider
176-->[:notifee_react-native] AndroidManifest.xml:8:9-12:40
177            android:name="io.invertase.notifee.NotifeeInitProvider"
177-->[:notifee_react-native] AndroidManifest.xml:9:13-68
178            android:authorities="com.the007.the007percentapp.notifee-init-provider"
178-->[:notifee_react-native] AndroidManifest.xml:10:13-73
179            android:exported="false"
179-->[:notifee_react-native] AndroidManifest.xml:11:13-37
180            android:initOrder="-100" />
180-->[:notifee_react-native] AndroidManifest.xml:12:13-37
181
182        <meta-data
182-->[:react-native-firebase_analytics] AndroidManifest.xml:12:9-14:36
183            android:name="firebase_analytics_collection_enabled"
183-->[:react-native-firebase_analytics] AndroidManifest.xml:13:13-65
184            android:value="true" />
184-->[:react-native-firebase_analytics] AndroidManifest.xml:14:13-33
185        <meta-data
185-->[:react-native-firebase_analytics] AndroidManifest.xml:15:9-17:37
186            android:name="firebase_analytics_collection_deactivated"
186-->[:react-native-firebase_analytics] AndroidManifest.xml:16:13-69
187            android:value="false" />
187-->[:react-native-firebase_analytics] AndroidManifest.xml:17:13-34
188        <meta-data
188-->[:react-native-firebase_analytics] AndroidManifest.xml:18:9-20:36
189            android:name="google_analytics_adid_collection_enabled"
189-->[:react-native-firebase_analytics] AndroidManifest.xml:19:13-68
190            android:value="true" />
190-->[:react-native-firebase_analytics] AndroidManifest.xml:20:13-33
191        <meta-data
191-->[:react-native-firebase_analytics] AndroidManifest.xml:21:9-23:36
192            android:name="google_analytics_ssaid_collection_enabled"
192-->[:react-native-firebase_analytics] AndroidManifest.xml:22:13-69
193            android:value="true" />
193-->[:react-native-firebase_analytics] AndroidManifest.xml:23:13-33
194        <meta-data
194-->[:react-native-firebase_analytics] AndroidManifest.xml:24:9-26:36
195            android:name="google_analytics_default_allow_ad_personalization_signals"
195-->[:react-native-firebase_analytics] AndroidManifest.xml:25:13-85
196            android:value="true" />
196-->[:react-native-firebase_analytics] AndroidManifest.xml:26:13-33
197        <meta-data
197-->[:react-native-firebase_app] AndroidManifest.xml:8:9-10:36
198            android:name="app_data_collection_default_enabled"
198-->[:react-native-firebase_app] AndroidManifest.xml:9:13-63
199            android:value="true" />
199-->[:react-native-firebase_app] AndroidManifest.xml:10:13-33
200
201        <service
201-->[:react-native-firebase_app] AndroidManifest.xml:12:9-16:19
202            android:name="com.google.firebase.components.ComponentDiscoveryService"
202-->[:react-native-firebase_app] AndroidManifest.xml:12:18-89
203            android:directBootAware="true"
203-->[com.google.firebase:firebase-common:20.0.0] AndroidManifest.xml:35:13-43
204            android:exported="false" >
204-->[com.google.firebase:firebase-auth:21.0.1] AndroidManifest.xml:76:13-37
205            <meta-data
205-->[:react-native-firebase_app] AndroidManifest.xml:13:13-15:85
206                android:name="com.google.firebase.components:io.invertase.firebase.app.ReactNativeFirebaseAppRegistrar"
206-->[:react-native-firebase_app] AndroidManifest.xml:14:17-120
207                android:value="com.google.firebase.components.ComponentRegistrar" />
207-->[:react-native-firebase_app] AndroidManifest.xml:15:17-82
208            <meta-data
208-->[com.google.firebase:firebase-auth:21.0.1] AndroidManifest.xml:77:13-79:85
209                android:name="com.google.firebase.components:com.google.firebase.auth.FirebaseAuthRegistrar"
209-->[com.google.firebase:firebase-auth:21.0.1] AndroidManifest.xml:78:17-109
210                android:value="com.google.firebase.components.ComponentRegistrar" />
210-->[com.google.firebase:firebase-auth:21.0.1] AndroidManifest.xml:79:17-82
211            <meta-data
211-->[com.google.firebase:firebase-firestore:23.0.4] AndroidManifest.xml:20:13-22:85
212                android:name="com.google.firebase.components:com.google.firebase.firestore.FirestoreRegistrar"
212-->[com.google.firebase:firebase-firestore:23.0.4] AndroidManifest.xml:21:17-111
213                android:value="com.google.firebase.components.ComponentRegistrar" />
213-->[com.google.firebase:firebase-firestore:23.0.4] AndroidManifest.xml:22:17-82
214            <meta-data
214-->[com.google.firebase:firebase-storage:20.0.0] AndroidManifest.xml:33:13-35:85
215                android:name="com.google.firebase.components:com.google.firebase.storage.StorageRegistrar"
215-->[com.google.firebase:firebase-storage:20.0.0] AndroidManifest.xml:34:17-107
216                android:value="com.google.firebase.components.ComponentRegistrar" />
216-->[com.google.firebase:firebase-storage:20.0.0] AndroidManifest.xml:35:17-82
217            <meta-data
217-->[com.google.firebase:firebase-messaging:22.0.0] AndroidManifest.xml:52:13-54:85
218                android:name="com.google.firebase.components:com.google.firebase.messaging.FirebaseMessagingRegistrar"
218-->[com.google.firebase:firebase-messaging:22.0.0] AndroidManifest.xml:53:17-119
219                android:value="com.google.firebase.components.ComponentRegistrar" />
219-->[com.google.firebase:firebase-messaging:22.0.0] AndroidManifest.xml:54:17-82
220            <meta-data
220-->[com.google.android.gms:play-services-measurement-api:19.0.2] AndroidManifest.xml:30:13-32:85
221                android:name="com.google.firebase.components:com.google.firebase.analytics.connector.internal.AnalyticsConnectorRegistrar"
221-->[com.google.android.gms:play-services-measurement-api:19.0.2] AndroidManifest.xml:31:17-139
222                android:value="com.google.firebase.components.ComponentRegistrar" />
222-->[com.google.android.gms:play-services-measurement-api:19.0.2] AndroidManifest.xml:32:17-82
223            <meta-data
223-->[com.google.firebase:firebase-datatransport:18.0.0] AndroidManifest.xml:28:13-30:85
224                android:name="com.google.firebase.components:com.google.firebase.datatransport.TransportRegistrar"
224-->[com.google.firebase:firebase-datatransport:18.0.0] AndroidManifest.xml:29:17-115
225                android:value="com.google.firebase.components.ComponentRegistrar" />
225-->[com.google.firebase:firebase-datatransport:18.0.0] AndroidManifest.xml:30:17-82
226            <meta-data
226-->[com.google.firebase:firebase-installations:17.0.0] AndroidManifest.xml:18:13-20:85
227                android:name="com.google.firebase.components:com.google.firebase.installations.FirebaseInstallationsRegistrar"
227-->[com.google.firebase:firebase-installations:17.0.0] AndroidManifest.xml:19:17-127
228                android:value="com.google.firebase.components.ComponentRegistrar" />
228-->[com.google.firebase:firebase-installations:17.0.0] AndroidManifest.xml:20:17-82
229        </service>
230
231        <provider
231-->[:react-native-firebase_app] AndroidManifest.xml:18:9-22:38
232            android:name="io.invertase.firebase.app.ReactNativeFirebaseAppInitProvider"
232-->[:react-native-firebase_app] AndroidManifest.xml:19:13-88
233            android:authorities="com.the007.the007percentapp.reactnativefirebaseappinitprovider"
233-->[:react-native-firebase_app] AndroidManifest.xml:20:13-86
234            android:exported="false"
234-->[:react-native-firebase_app] AndroidManifest.xml:21:13-37
235            android:initOrder="99" />
235-->[:react-native-firebase_app] AndroidManifest.xml:22:13-35
236        <provider
236-->[:react-native-image-picker] AndroidManifest.xml:8:9-16:20
237            android:name="com.imagepicker.ImagePickerProvider"
237-->[:react-native-image-picker] AndroidManifest.xml:9:13-63
238            android:authorities="com.the007.the007percentapp.imagepickerprovider"
238-->[:react-native-image-picker] AndroidManifest.xml:10:13-71
239            android:exported="false"
239-->[:react-native-image-picker] AndroidManifest.xml:11:13-37
240            android:grantUriPermissions="true" >
240-->[:react-native-image-picker] AndroidManifest.xml:12:13-47
241            <meta-data
241-->[:react-native-image-picker] AndroidManifest.xml:13:13-15:70
242                android:name="android.support.FILE_PROVIDER_PATHS"
242-->[:react-native-image-picker] AndroidManifest.xml:14:17-67
243                android:resource="@xml/imagepicker_provider_paths" />
243-->[:react-native-image-picker] AndroidManifest.xml:15:17-67
244        </provider>
245        <provider
245-->[:react-native-webview] AndroidManifest.xml:8:9-16:20
246            android:name="com.reactnativecommunity.webview.RNCWebViewFileProvider"
246-->[:react-native-webview] AndroidManifest.xml:9:13-83
247            android:authorities="com.the007.the007percentapp.fileprovider"
247-->[:react-native-webview] AndroidManifest.xml:10:13-64
248            android:exported="false"
248-->[:react-native-webview] AndroidManifest.xml:11:13-37
249            android:grantUriPermissions="true" >
249-->[:react-native-webview] AndroidManifest.xml:12:13-47
250            <meta-data